
*** Running vivado
    with args -log the_gf.vds -m64 -product Vivado -mode batch -messageDb vivado.pb -notrace -source the_gf.tcl


****** Vivado v2017.2 (64-bit)
  **** SW Build 1909853 on Thu Jun 15 18:39:09 MDT 2017
  **** IP Build 1909766 on Thu Jun 15 19:58:00 MDT 2017
    ** Copyright 1986-2017 Xilinx, Inc. All Rights Reserved.

source the_gf.tcl -notrace
Command: synth_design -top the_gf -part xc7a35tcpg236-1
Starting synth_design
Attempting to get a license for feature 'Synthesis' and/or device 'xc7a35t-cpg236'
INFO: [Common 17-349] Got license for feature 'Synthesis' and/or device 'xc7a35t-cpg236'
INFO: Launching helper process for spawning children vivado processes
INFO: Helper process launched with PID 10072 
---------------------------------------------------------------------------------
Starting RTL Elaboration : Time (s): cpu = 00:00:03 ; elapsed = 00:00:03 . Memory (MB): peak = 318.188 ; gain = 74.066
---------------------------------------------------------------------------------
INFO: [Synth 8-638] synthesizing module 'the_gf' [C:/Users/need-/Desktop/digitalproject/Action_Reaction/Action_Reaction.srcs/sources_1/new/Top_Module.vhd:34]
INFO: [Synth 8-3491] module 'SYNC' declared at 'C:/Users/need-/Desktop/digitalproject/Action_Reaction/Action_Reaction.srcs/sources_1/new/SYNC.vhd:13' bound to instance 'VGA_module' of component 'SYNC' [C:/Users/need-/Desktop/digitalproject/Action_Reaction/Action_Reaction.srcs/sources_1/new/Top_Module.vhd:90]
INFO: [Synth 8-638] synthesizing module 'SYNC' [C:/Users/need-/Desktop/digitalproject/Action_Reaction/Action_Reaction.srcs/sources_1/new/SYNC.vhd:32]
INFO: [Synth 8-256] done synthesizing module 'SYNC' (1#1) [C:/Users/need-/Desktop/digitalproject/Action_Reaction/Action_Reaction.srcs/sources_1/new/SYNC.vhd:32]
INFO: [Synth 8-3491] module 'clk_divider' declared at 'C:/Users/need-/Desktop/digitalproject/Action_Reaction/Action_Reaction.runs/synth_1/.Xil/Vivado-1716-DESKTOP-I28C8U2/realtime/clk_divider_stub.vhdl:5' bound to instance 'clock_generator' of component 'clk_divider' [C:/Users/need-/Desktop/digitalproject/Action_Reaction/Action_Reaction.srcs/sources_1/new/Top_Module.vhd:92]
INFO: [Synth 8-638] synthesizing module 'clk_divider' [C:/Users/need-/Desktop/digitalproject/Action_Reaction/Action_Reaction.runs/synth_1/.Xil/Vivado-1716-DESKTOP-I28C8U2/realtime/clk_divider_stub.vhdl:13]
INFO: [Synth 8-256] done synthesizing module 'the_gf' (2#1) [C:/Users/need-/Desktop/digitalproject/Action_Reaction/Action_Reaction.srcs/sources_1/new/Top_Module.vhd:34]
---------------------------------------------------------------------------------
Finished RTL Elaboration : Time (s): cpu = 00:00:09 ; elapsed = 00:00:10 . Memory (MB): peak = 405.359 ; gain = 161.238
---------------------------------------------------------------------------------

Report Check Netlist: 
+------+------------------+-------+---------+-------+------------------+
|      |Item              |Errors |Warnings |Status |Description       |
+------+------------------+-------+---------+-------+------------------+
|1     |multi_driven_nets |      0|        0|Passed |Multi driven nets |
+------+------------------+-------+---------+-------+------------------+
---------------------------------------------------------------------------------
Finished RTL Optimization Phase 1 : Time (s): cpu = 00:00:10 ; elapsed = 00:00:10 . Memory (MB): peak = 405.359 ; gain = 161.238
---------------------------------------------------------------------------------
INFO: [Device 21-403] Loading part xc7a35tcpg236-1
INFO: [Project 1-570] Preparing netlist for logic optimization

Processing XDC Constraints
Initializing timing engine
Parsing XDC File [C:/Users/need-/Desktop/digitalproject/Action_Reaction/Action_Reaction.runs/synth_1/.Xil/Vivado-1716-DESKTOP-I28C8U2/dcp3/clk_divider_in_context.xdc] for cell 'clock_generator'
Finished Parsing XDC File [C:/Users/need-/Desktop/digitalproject/Action_Reaction/Action_Reaction.runs/synth_1/.Xil/Vivado-1716-DESKTOP-I28C8U2/dcp3/clk_divider_in_context.xdc] for cell 'clock_generator'
Parsing XDC File [C:/Users/need-/Desktop/digitalproject/Action_Reaction/Action_Reaction.srcs/constrs_1/new/basys3.xdc]
Finished Parsing XDC File [C:/Users/need-/Desktop/digitalproject/Action_Reaction/Action_Reaction.srcs/constrs_1/new/basys3.xdc]
INFO: [Project 1-236] Implementation specific constraints were found while reading constraint file [C:/Users/need-/Desktop/digitalproject/Action_Reaction/Action_Reaction.srcs/constrs_1/new/basys3.xdc]. These constraints will be ignored for synthesis but will be used in implementation. Impacted constraints are listed in the file [.Xil/the_gf_propImpl.xdc].
Resolution: To avoid this warning, move constraints listed in [.Xil/the_gf_propImpl.xdc] to another XDC file and exclude this new file from synthesis with the used_in_synthesis property (File Properties dialog in GUI) and re-run elaboration/synthesis.
Completed Processing XDC Constraints

INFO: [Project 1-111] Unisim Transformation Summary:
No Unisim elements were transformed.

Constraint Validation Runtime : Time (s): cpu = 00:00:00 ; elapsed = 00:00:00.008 . Memory (MB): peak = 701.305 ; gain = 0.000
---------------------------------------------------------------------------------
Finished Constraint Validation : Time (s): cpu = 00:00:19 ; elapsed = 00:00:20 . Memory (MB): peak = 701.305 ; gain = 457.184
---------------------------------------------------------------------------------
---------------------------------------------------------------------------------
Start Loading Part and Timing Information
---------------------------------------------------------------------------------
Loading part: xc7a35tcpg236-1
---------------------------------------------------------------------------------
Finished Loading Part and Timing Information : Time (s): cpu = 00:00:19 ; elapsed = 00:00:20 . Memory (MB): peak = 701.305 ; gain = 457.184
---------------------------------------------------------------------------------
---------------------------------------------------------------------------------
Start Applying 'set_property' XDC Constraints
---------------------------------------------------------------------------------
Applied set_property IO_BUFFER_TYPE = NONE for CLK100MHZ. (constraint file  C:/Users/need-/Desktop/digitalproject/Action_Reaction/Action_Reaction.runs/synth_1/.Xil/Vivado-1716-DESKTOP-I28C8U2/dcp3/clk_divider_in_context.xdc, line 3).
Applied set_property CLOCK_BUFFER_TYPE = NONE for CLK100MHZ. (constraint file  C:/Users/need-/Desktop/digitalproject/Action_Reaction/Action_Reaction.runs/synth_1/.Xil/Vivado-1716-DESKTOP-I28C8U2/dcp3/clk_divider_in_context.xdc, line 4).
Applied set_property DONT_TOUCH = true for clock_generator. (constraint file  auto generated constraint, line ).
---------------------------------------------------------------------------------
Finished applying 'set_property' XDC Constraints : Time (s): cpu = 00:00:19 ; elapsed = 00:00:20 . Memory (MB): peak = 701.305 ; gain = 457.184
---------------------------------------------------------------------------------
INFO: [Synth 8-4471] merging register 'enable_reg' into 'open_the_game_reg' [C:/Users/need-/Desktop/digitalproject/Action_Reaction/Action_Reaction.srcs/sources_1/new/SYNC.vhd:139]
WARNING: [Synth 8-6014] Unused sequential element enable_reg was removed.  [C:/Users/need-/Desktop/digitalproject/Action_Reaction/Action_Reaction.srcs/sources_1/new/SYNC.vhd:139]
INFO: [Synth 8-5545] ROM "game_is_on" won't be mapped to RAM because address size (32) is larger than maximum supported(25)
INFO: [Synth 8-5545] ROM "game_is_on" won't be mapped to RAM because address size (32) is larger than maximum supported(25)
INFO: [Synth 8-5545] ROM "enable" won't be mapped to RAM because address size (32) is larger than maximum supported(25)
INFO: [Synth 8-5545] ROM "seed" won't be mapped to RAM because address size (32) is larger than maximum supported(25)
INFO: [Synth 8-5545] ROM "seed" won't be mapped to RAM because address size (32) is larger than maximum supported(25)
INFO: [Synth 8-5545] ROM "scorer" won't be mapped to RAM because address size (32) is larger than maximum supported(25)
INFO: [Synth 8-5545] ROM "scorer" won't be mapped to RAM because address size (32) is larger than maximum supported(25)
INFO: [Synth 8-5545] ROM "count" won't be mapped to RAM because address size (32) is larger than maximum supported(25)
INFO: [Synth 8-5545] ROM "count" won't be mapped to RAM because address size (32) is larger than maximum supported(25)
INFO: [Synth 8-5845] Not enough pipeline registers after wide multiplier. Recommended levels of pipeline registers is 4 [C:/Users/need-/Desktop/digitalproject/Action_Reaction/Action_Reaction.srcs/sources_1/new/opening_screen.vhd:159]
INFO: [Synth 8-5845] Not enough pipeline registers after wide multiplier. Recommended levels of pipeline registers is 4 [C:/Users/need-/Desktop/digitalproject/Action_Reaction/Action_Reaction.srcs/sources_1/new/opening_screen.vhd:347]
INFO: [Synth 8-5845] Not enough pipeline registers after wide multiplier. Recommended levels of pipeline registers is 4 [C:/Users/need-/Desktop/digitalproject/Action_Reaction/Action_Reaction.srcs/sources_1/new/xox.vhd:215]
INFO: [Synth 8-5845] Not enough pipeline registers after wide multiplier. Recommended levels of pipeline registers is 4 [C:/Users/need-/Desktop/digitalproject/Action_Reaction/Action_Reaction.srcs/sources_1/new/xox.vhd:226]
INFO: [Synth 8-5845] Not enough pipeline registers after wide multiplier. Recommended levels of pipeline registers is 4 [C:/Users/need-/Desktop/digitalproject/Action_Reaction/Action_Reaction.srcs/sources_1/new/xox.vhd:226]
INFO: [Synth 8-5845] Not enough pipeline registers after wide multiplier. Recommended levels of pipeline registers is 4 [C:/Users/need-/Desktop/digitalproject/Action_Reaction/Action_Reaction.srcs/sources_1/new/xox.vhd:215]
INFO: [Synth 8-5845] Not enough pipeline registers after wide multiplier. Recommended levels of pipeline registers is 4 [C:/Users/need-/Desktop/digitalproject/Action_Reaction/Action_Reaction.srcs/sources_1/new/xox.vhd:220]
INFO: [Synth 8-5845] Not enough pipeline registers after wide multiplier. Recommended levels of pipeline registers is 4 [C:/Users/need-/Desktop/digitalproject/Action_Reaction/Action_Reaction.srcs/sources_1/new/xox.vhd:232]
WARNING: [Synth 8-6014] Unused sequential element xpos_reg was removed.  [C:/Users/need-/Desktop/digitalproject/Action_Reaction/Action_Reaction.srcs/sources_1/new/SYNC.vhd:86]
WARNING: [Synth 8-6014] Unused sequential element ypos_reg was removed.  [C:/Users/need-/Desktop/digitalproject/Action_Reaction/Action_Reaction.srcs/sources_1/new/SYNC.vhd:90]
WARNING: [Synth 8-6014] Unused sequential element sequantative_reg was removed.  [C:/Users/need-/Desktop/digitalproject/Action_Reaction/Action_Reaction.srcs/sources_1/new/SYNC.vhd:157]
WARNING: [Synth 8-6014] Unused sequential element qesuantative_reg was removed.  [C:/Users/need-/Desktop/digitalproject/Action_Reaction/Action_Reaction.srcs/sources_1/new/SYNC.vhd:158]
INFO: [Synth 8-5545] ROM "game_is_on" won't be mapped to RAM because address size (32) is larger than maximum supported(25)
INFO: [Synth 8-5545] ROM "game_is_on" won't be mapped to RAM because address size (32) is larger than maximum supported(25)
INFO: [Synth 8-5545] ROM "enable" won't be mapped to RAM because address size (32) is larger than maximum supported(25)
INFO: [Synth 8-5545] ROM "seed" won't be mapped to RAM because address size (32) is larger than maximum supported(25)
INFO: [Synth 8-5545] ROM "seed" won't be mapped to RAM because address size (32) is larger than maximum supported(25)
INFO: [Synth 8-5545] ROM "scorer" won't be mapped to RAM because address size (32) is larger than maximum supported(25)
INFO: [Synth 8-5545] ROM "scorer" won't be mapped to RAM because address size (32) is larger than maximum supported(25)
INFO: [Synth 8-5545] ROM "count" won't be mapped to RAM because address size (32) is larger than maximum supported(25)
INFO: [Synth 8-5545] ROM "count" won't be mapped to RAM because address size (32) is larger than maximum supported(25)
---------------------------------------------------------------------------------
Finished RTL Optimization Phase 2 : Time (s): cpu = 00:00:25 ; elapsed = 00:00:26 . Memory (MB): peak = 701.305 ; gain = 457.184
---------------------------------------------------------------------------------

Report RTL Partitions: 
+-+--------------+------------+----------+
| |RTL Partition |Replication |Instances |
+-+--------------+------------+----------+
+-+--------------+------------+----------+
---------------------------------------------------------------------------------
Start RTL Component Statistics 
---------------------------------------------------------------------------------
Detailed RTL Component Info : 
+---Adders : 
	   2 Input     32 Bit       Adders := 38    
	   3 Input     12 Bit       Adders := 1     
	   2 Input     12 Bit       Adders := 2     
	   2 Input     11 Bit       Adders := 1     
	   2 Input     10 Bit       Adders := 2     
+---Registers : 
	               32 Bit    Registers := 5     
	               11 Bit    Registers := 1     
	               10 Bit    Registers := 1     
	                4 Bit    Registers := 3     
	                1 Bit    Registers := 22    
+---Multipliers : 
	                32x32  Multipliers := 4     
+---Muxes : 
	   2 Input     32 Bit        Muxes := 58    
	   4 Input     32 Bit        Muxes := 2     
	  76 Input      4 Bit        Muxes := 1     
	   2 Input      4 Bit        Muxes := 298   
	  81 Input      4 Bit        Muxes := 1     
	  83 Input      4 Bit        Muxes := 1     
	  10 Input      4 Bit        Muxes := 3     
	   5 Input      4 Bit        Muxes := 1     
	   9 Input      4 Bit        Muxes := 14    
	  19 Input      4 Bit        Muxes := 2     
	  16 Input      4 Bit        Muxes := 1     
	  15 Input      4 Bit        Muxes := 2     
	  20 Input      4 Bit        Muxes := 1     
	  17 Input      4 Bit        Muxes := 2     
	   8 Input      4 Bit        Muxes := 3     
	  13 Input      4 Bit        Muxes := 2     
	  24 Input      4 Bit        Muxes := 1     
	  11 Input      4 Bit        Muxes := 3     
	   6 Input      4 Bit        Muxes := 1     
	   4 Input      4 Bit        Muxes := 3     
	  33 Input      4 Bit        Muxes := 1     
	   4 Input      2 Bit        Muxes := 43    
	   2 Input      1 Bit        Muxes := 579   
	   3 Input      1 Bit        Muxes := 8     
	   4 Input      1 Bit        Muxes := 31    
	  46 Input      1 Bit        Muxes := 1     
	  10 Input      1 Bit        Muxes := 1     
---------------------------------------------------------------------------------
Finished RTL Component Statistics 
---------------------------------------------------------------------------------
---------------------------------------------------------------------------------
Start RTL Hierarchical Component Statistics 
---------------------------------------------------------------------------------
Hierarchical RTL Component report 
Module SYNC 
Detailed RTL Component Info : 
+---Adders : 
	   2 Input     32 Bit       Adders := 38    
	   3 Input     12 Bit       Adders := 1     
	   2 Input     12 Bit       Adders := 2     
	   2 Input     11 Bit       Adders := 1     
	   2 Input     10 Bit       Adders := 2     
+---Registers : 
	               32 Bit    Registers := 5     
	               11 Bit    Registers := 1     
	               10 Bit    Registers := 1     
	                4 Bit    Registers := 3     
	                1 Bit    Registers := 22    
+---Multipliers : 
	                32x32  Multipliers := 4     
+---Muxes : 
	   2 Input     32 Bit        Muxes := 58    
	   4 Input     32 Bit        Muxes := 2     
	  76 Input      4 Bit        Muxes := 1     
	   2 Input      4 Bit        Muxes := 298   
	  81 Input      4 Bit        Muxes := 1     
	  83 Input      4 Bit        Muxes := 1     
	  10 Input      4 Bit        Muxes := 3     
	   5 Input      4 Bit        Muxes := 1     
	   9 Input      4 Bit        Muxes := 14    
	  19 Input      4 Bit        Muxes := 2     
	  16 Input      4 Bit        Muxes := 1     
	  15 Input      4 Bit        Muxes := 2     
	  20 Input      4 Bit        Muxes := 1     
	  17 Input      4 Bit        Muxes := 2     
	   8 Input      4 Bit        Muxes := 3     
	  13 Input      4 Bit        Muxes := 2     
	  24 Input      4 Bit        Muxes := 1     
	  11 Input      4 Bit        Muxes := 3     
	   6 Input      4 Bit        Muxes := 1     
	   4 Input      4 Bit        Muxes := 3     
	  33 Input      4 Bit        Muxes := 1     
	   4 Input      2 Bit        Muxes := 43    
	   2 Input      1 Bit        Muxes := 579   
	   3 Input      1 Bit        Muxes := 8     
	   4 Input      1 Bit        Muxes := 31    
	  46 Input      1 Bit        Muxes := 1     
	  10 Input      1 Bit        Muxes := 1     
---------------------------------------------------------------------------------
Finished RTL Hierarchical Component Statistics
---------------------------------------------------------------------------------
---------------------------------------------------------------------------------
Start Part Resource Summary
---------------------------------------------------------------------------------
Part Resources:
DSPs: 90 (col length:60)
BRAMs: 100 (col length: RAMB18 60 RAMB36 30)
---------------------------------------------------------------------------------
Finished Part Resource Summary
---------------------------------------------------------------------------------
---------------------------------------------------------------------------------
Start Cross Boundary and Area Optimization
---------------------------------------------------------------------------------
INFO: [Synth 8-5545] ROM "count" won't be mapped to RAM because address size (32) is larger than maximum supported(25)
INFO: [Synth 8-5545] ROM "count" won't be mapped to RAM because address size (32) is larger than maximum supported(25)
INFO: [Synth 8-5545] ROM "game_is_on" won't be mapped to RAM because address size (32) is larger than maximum supported(25)
INFO: [Synth 8-5545] ROM "game_is_on" won't be mapped to RAM because address size (32) is larger than maximum supported(25)
INFO: [Synth 8-5545] ROM "scorer" won't be mapped to RAM because address size (32) is larger than maximum supported(25)
INFO: [Synth 8-5545] ROM "scorer" won't be mapped to RAM because address size (32) is larger than maximum supported(25)
INFO: [Synth 8-5545] ROM "seed" won't be mapped to RAM because address size (32) is larger than maximum supported(25)
INFO: [Synth 8-5545] ROM "seed" won't be mapped to RAM because address size (32) is larger than maximum supported(25)
INFO: [Synth 8-5545] ROM "enable" won't be mapped to RAM because address size (32) is larger than maximum supported(25)
INFO: [Synth 8-5845] Not enough pipeline registers after wide multiplier. Recommended levels of pipeline registers is 4 [C:/Users/need-/Desktop/digitalproject/Action_Reaction/Action_Reaction.srcs/sources_1/new/opening_screen.vhd:347]
INFO: [Synth 8-5845] Not enough pipeline registers after wide multiplier. Recommended levels of pipeline registers is 4 [C:/Users/need-/Desktop/digitalproject/Action_Reaction/Action_Reaction.srcs/sources_1/new/opening_screen.vhd:282]
INFO: [Synth 8-5845] Not enough pipeline registers after wide multiplier. Recommended levels of pipeline registers is 4 [C:/Users/need-/Desktop/digitalproject/Action_Reaction/Action_Reaction.srcs/sources_1/new/opening_screen.vhd:159]
INFO: [Synth 8-5845] Not enough pipeline registers after wide multiplier. Recommended levels of pipeline registers is 4 [C:/Users/need-/Desktop/digitalproject/Action_Reaction/Action_Reaction.srcs/sources_1/new/opening_screen.vhd:474]
WARNING: [Synth 8-6014] Unused sequential element xpos_reg was removed.  [C:/Users/need-/Desktop/digitalproject/Action_Reaction/Action_Reaction.srcs/sources_1/new/SYNC.vhd:86]
WARNING: [Synth 8-6014] Unused sequential element ypos_reg was removed.  [C:/Users/need-/Desktop/digitalproject/Action_Reaction/Action_Reaction.srcs/sources_1/new/SYNC.vhd:90]
WARNING: [Synth 8-6014] Unused sequential element sequantative_reg was removed.  [C:/Users/need-/Desktop/digitalproject/Action_Reaction/Action_Reaction.srcs/sources_1/new/SYNC.vhd:157]
WARNING: [Synth 8-6014] Unused sequential element qesuantative_reg was removed.  [C:/Users/need-/Desktop/digitalproject/Action_Reaction/Action_Reaction.srcs/sources_1/new/SYNC.vhd:158]
DSP Report: Generating DSP B3, operation Mode is: A*B.
DSP Report: operator B3 is absorbed into DSP B3.
DSP Report: operator B3 is absorbed into DSP B3.
DSP Report: Generating DSP B3, operation Mode is: A*B.
DSP Report: operator B3 is absorbed into DSP B3.
DSP Report: operator B3 is absorbed into DSP B3.
DSP Report: Generating DSP B3, operation Mode is: (PCIN>>17)+A*B.
DSP Report: operator B3 is absorbed into DSP B3.
DSP Report: operator B3 is absorbed into DSP B3.
DSP Report: Generating DSP B3, operation Mode is: A*B.
DSP Report: operator B3 is absorbed into DSP B3.
DSP Report: operator B3 is absorbed into DSP B3.
DSP Report: Generating DSP B3, operation Mode is: (PCIN>>17)+A*B.
DSP Report: operator B3 is absorbed into DSP B3.
DSP Report: operator B3 is absorbed into DSP B3.
DSP Report: Generating DSP B3, operation Mode is: A*B.
DSP Report: operator B3 is absorbed into DSP B3.
DSP Report: operator B3 is absorbed into DSP B3.
DSP Report: Generating DSP B3, operation Mode is: (PCIN>>17)+A*B.
DSP Report: operator B3 is absorbed into DSP B3.
DSP Report: operator B3 is absorbed into DSP B3.
DSP Report: Generating DSP B3, operation Mode is: A*B.
DSP Report: operator B3 is absorbed into DSP B3.
DSP Report: operator B3 is absorbed into DSP B3.
DSP Report: Generating DSP B3, operation Mode is: (PCIN>>17)+A*B.
DSP Report: operator B3 is absorbed into DSP B3.
DSP Report: operator B3 is absorbed into DSP B3.
DSP Report: Generating DSP B3, operation Mode is: A*B.
DSP Report: operator B3 is absorbed into DSP B3.
DSP Report: operator B3 is absorbed into DSP B3.
DSP Report: Generating DSP B3, operation Mode is: (PCIN>>17)+A*B.
DSP Report: operator B3 is absorbed into DSP B3.
DSP Report: operator B3 is absorbed into DSP B3.
DSP Report: Generating DSP B3, operation Mode is: A*B.
DSP Report: operator B3 is absorbed into DSP B3.
DSP Report: operator B3 is absorbed into DSP B3.
DSP Report: Generating DSP B3, operation Mode is: A*B.
DSP Report: operator B3 is absorbed into DSP B3.
DSP Report: operator B3 is absorbed into DSP B3.
DSP Report: Generating DSP B3, operation Mode is: (PCIN>>17)+A*B.
DSP Report: operator B3 is absorbed into DSP B3.
DSP Report: operator B3 is absorbed into DSP B3.
DSP Report: Generating DSP B3, operation Mode is: A*B.
DSP Report: operator B3 is absorbed into DSP B3.
DSP Report: operator B3 is absorbed into DSP B3.
DSP Report: Generating DSP B3, operation Mode is: (PCIN>>17)+A*B.
DSP Report: operator B3 is absorbed into DSP B3.
DSP Report: operator B3 is absorbed into DSP B3.
DSP Report: Generating DSP B3, operation Mode is: A*B.
DSP Report: operator B3 is absorbed into DSP B3.
DSP Report: operator B3 is absorbed into DSP B3.
DSP Report: Generating DSP B3, operation Mode is: (PCIN>>17)+A*B.
DSP Report: operator B3 is absorbed into DSP B3.
DSP Report: operator B3 is absorbed into DSP B3.
DSP Report: Generating DSP B2, operation Mode is: A*B.
DSP Report: operator B2 is absorbed into DSP B2.
DSP Report: operator B2 is absorbed into DSP B2.
DSP Report: Generating DSP B2, operation Mode is: (PCIN>>17)+A*B.
DSP Report: operator B2 is absorbed into DSP B2.
DSP Report: operator B2 is absorbed into DSP B2.
DSP Report: Generating DSP B2, operation Mode is: A*B.
DSP Report: operator B2 is absorbed into DSP B2.
DSP Report: operator B2 is absorbed into DSP B2.
DSP Report: Generating DSP B2, operation Mode is: (PCIN>>17)+A*B.
DSP Report: operator B2 is absorbed into DSP B2.
DSP Report: operator B2 is absorbed into DSP B2.
DSP Report: Generating DSP R4, operation Mode is: A*B.
DSP Report: operator R4 is absorbed into DSP R4.
DSP Report: operator R4 is absorbed into DSP R4.
DSP Report: Generating DSP R4, operation Mode is: A*B.
DSP Report: operator R4 is absorbed into DSP R4.
DSP Report: operator R4 is absorbed into DSP R4.
DSP Report: Generating DSP R4, operation Mode is: (PCIN>>17)+A*B.
DSP Report: operator R4 is absorbed into DSP R4.
DSP Report: operator R4 is absorbed into DSP R4.
DSP Report: Generating DSP R4, operation Mode is: A*B.
DSP Report: operator R4 is absorbed into DSP R4.
DSP Report: operator R4 is absorbed into DSP R4.
DSP Report: Generating DSP R4, operation Mode is: A*B.
DSP Report: operator R4 is absorbed into DSP R4.
DSP Report: operator R4 is absorbed into DSP R4.
DSP Report: Generating DSP R4, operation Mode is: (PCIN>>17)+A*B.
DSP Report: operator R4 is absorbed into DSP R4.
DSP Report: operator R4 is absorbed into DSP R4.
DSP Report: Generating DSP R4, operation Mode is: A*B.
DSP Report: operator R4 is absorbed into DSP R4.
DSP Report: operator R4 is absorbed into DSP R4.
DSP Report: Generating DSP R4, operation Mode is: A*B.
DSP Report: operator R4 is absorbed into DSP R4.
DSP Report: operator R4 is absorbed into DSP R4.
DSP Report: Generating DSP R4, operation Mode is: (PCIN>>17)+A*B.
DSP Report: operator R4 is absorbed into DSP R4.
DSP Report: operator R4 is absorbed into DSP R4.
DSP Report: Generating DSP R4, operation Mode is: A*B.
DSP Report: operator R4 is absorbed into DSP R4.
DSP Report: operator R4 is absorbed into DSP R4.
DSP Report: Generating DSP R4, operation Mode is: A*B.
DSP Report: operator R4 is absorbed into DSP R4.
DSP Report: operator R4 is absorbed into DSP R4.
DSP Report: Generating DSP R4, operation Mode is: (PCIN>>17)+A*B.
DSP Report: operator R4 is absorbed into DSP R4.
DSP Report: operator R4 is absorbed into DSP R4.
DSP Report: Generating DSP R4, operation Mode is: A*B.
DSP Report: operator R4 is absorbed into DSP R4.
DSP Report: operator R4 is absorbed into DSP R4.
DSP Report: Generating DSP R4, operation Mode is: A*B.
DSP Report: operator R4 is absorbed into DSP R4.
DSP Report: operator R4 is absorbed into DSP R4.
DSP Report: Generating DSP R4, operation Mode is: (PCIN>>17)+A*B.
DSP Report: operator R4 is absorbed into DSP R4.
DSP Report: operator R4 is absorbed into DSP R4.
DSP Report: Generating DSP R4, operation Mode is: A*B.
DSP Report: operator R4 is absorbed into DSP R4.
DSP Report: operator R4 is absorbed into DSP R4.
DSP Report: Generating DSP R4, operation Mode is: A*B.
DSP Report: operator R4 is absorbed into DSP R4.
DSP Report: operator R4 is absorbed into DSP R4.
DSP Report: Generating DSP R4, operation Mode is: (PCIN>>17)+A*B.
DSP Report: operator R4 is absorbed into DSP R4.
DSP Report: operator R4 is absorbed into DSP R4.
DSP Report: Generating DSP R4, operation Mode is: A*B.
DSP Report: operator R4 is absorbed into DSP R4.
INFO: [Synth 8-3886] merging instance 'VGA_module/B_reg[3]' (FDRE) to 'VGA_module/B_reg[2]'
INFO: [Synth 8-3886] merging instance 'VGA_module/B_reg[2]' (FDRE) to 'VGA_module/B_reg[1]'
INFO: [Synth 8-3886] merging instance 'VGA_module/B_reg[1]' (FDRE) to 'VGA_module/B_reg[0]'
INFO: [Synth 8-3886] merging instance 'VGA_module/G_reg[3]' (FDSE) to 'VGA_module/G_reg[0]'
INFO: [Synth 8-3886] merging instance 'VGA_module/G_reg[2]' (FDSE) to 'VGA_module/G_reg[0]'
INFO: [Synth 8-3886] merging instance 'VGA_module/G_reg[1]' (FDSE) to 'VGA_module/G_reg[0]'
INFO: [Synth 8-3886] merging instance 'VGA_module/R_reg[3]' (FDRE) to 'VGA_module/R_reg[2]'
INFO: [Synth 8-3886] merging instance 'VGA_module/R_reg[2]' (FDRE) to 'VGA_module/R_reg[1]'
INFO: [Synth 8-3886] merging instance 'VGA_module/R_reg[1]' (FDRE) to 'VGA_module/R_reg[0]'
---------------------------------------------------------------------------------
Finished Cross Boundary and Area Optimization : Time (s): cpu = 00:00:43 ; elapsed = 00:00:44 . Memory (MB): peak = 701.305 ; gain = 457.184
---------------------------------------------------------------------------------
---------------------------------------------------------------------------------
Start ROM, RAM, DSP and Shift Register Reporting
---------------------------------------------------------------------------------

DSP: Preliminary Mapping  Report (see note below)
+------------+----------------+--------+--------+--------+--------+--------+------+------+------+------+-------+------+------+
|Module Name | DSP Mapping    | A Size | B Size | C Size | D Size | P Size | AREG | BREG | CREG | DREG | ADREG | MREG | PREG | 
+------------+----------------+--------+--------+--------+--------+--------+------+------+------+------+-------+------+------+
|SYNC        | A*B            | 15     | 15     | -      | -      | 15     | 0    | 0    | -    | -    | -     | 0    | 0    | 
|SYNC        | A*B            | 18     | 18     | -      | -      | 48     | 0    | 0    | -    | -    | -     | 0    | 0    | 
|SYNC        | (PCIN>>17)+A*B | 15     | 15     | -      | -      | 15     | 0    | 0    | -    | -    | -     | 0    | 0    | 
|SYNC        | A*B            | 18     | 15     | -      | -      | 48     | 0    | 0    | -    | -    | -     | 0    | 0    | 
|SYNC        | (PCIN>>17)+A*B | 15     | 15     | -      | -      | 48     | 0    | 0    | -    | -    | -     | 0    | 0    | 
|SYNC        | A*B            | 18     | 18     | -      | -      | 48     | 0    | 0    | -    | -    | -     | 0    | 0    | 
|SYNC        | (PCIN>>17)+A*B | 18     | 15     | -      | -      | 48     | 0    | 0    | -    | -    | -     | 0    | 0    | 
|SYNC        | A*B            | 18     | 15     | -      | -      | 48     | 0    | 0    | -    | -    | -     | 0    | 0    | 
|SYNC        | (PCIN>>17)+A*B | 15     | 15     | -      | -      | 48     | 0    | 0    | -    | -    | -     | 0    | 0    | 
|SYNC        | A*B            | 18     | 18     | -      | -      | 48     | 0    | 0    | -    | -    | -     | 0    | 0    | 
|SYNC        | (PCIN>>17)+A*B | 18     | 15     | -      | -      | 48     | 0    | 0    | -    | -    | -     | 0    | 0    | 
|SYNC        | A*B            | 15     | 15     | -      | -      | 15     | 0    | 0    | -    | -    | -     | 0    | 0    | 
|SYNC        | A*B            | 18     | 18     | -      | -      | 48     | 0    | 0    | -    | -    | -     | 0    | 0    | 
|SYNC        | (PCIN>>17)+A*B | 15     | 15     | -      | -      | 15     | 0    | 0    | -    | -    | -     | 0    | 0    | 
|SYNC        | A*B            | 18     | 15     | -      | -      | 48     | 0    | 0    | -    | -    | -     | 0    | 0    | 
|SYNC        | (PCIN>>17)+A*B | 15     | 15     | -      | -      | 48     | 0    | 0    | -    | -    | -     | 0    | 0    | 
|SYNC        | A*B            | 18     | 18     | -      | -      | 48     | 0    | 0    | -    | -    | -     | 0    | 0    | 
|SYNC        | (PCIN>>17)+A*B | 18     | 15     | -      | -      | 48     | 0    | 0    | -    | -    | -     | 0    | 0    | 
|SYNC        | A*B            | 18     | 15     | -      | -      | 48     | 0    | 0    | -    | -    | -     | 0    | 0    | 
|SYNC        | (PCIN>>17)+A*B | 15     | 15     | -      | -      | 48     | 0    | 0    | -    | -    | -     | 0    | 0    | 
|SYNC        | A*B            | 18     | 18     | -      | -      | 48     | 0    | 0    | -    | -    | -     | 0    | 0    | 
|SYNC        | (PCIN>>17)+A*B | 18     | 15     | -      | -      | 48     | 0    | 0    | -    | -    | -     | 0    | 0    | 
|SYNC        | A*B            | 15     | 15     | -      | -      | 15     | 0    | 0    | -    | -    | -     | 0    | 0    | 
|SYNC        | A*B            | 18     | 18     | -      | -      | 48     | 0    | 0    | -    | -    | -     | 0    | 0    | 
|SYNC        | (PCIN>>17)+A*B | 15     | 15     | -      | -      | 15     | 0    | 0    | -    | -    | -     | 0    | 0    | 
|SYNC        | A*B            | 15     | 15     | -      | -      | 15     | 0    | 0    | -    | -    | -     | 0    | 0    | 
|SYNC        | A*B            | 18     | 18     | -      | -      | 48     | 0    | 0    | -    | -    | -     | 0    | 0    | 
|SYNC        | (PCIN>>17)+A*B | 15     | 15     | -      | -      | 15     | 0    | 0    | -    | -    | -     | 0    | 0    | 
|SYNC        | A*B            | 15     | 15     | -      | -      | 15     | 0    | 0    | -    | -    | -     | 0    | 0    | 
|SYNC        | A*B            | 18     | 18     | -      | -      | 48     | 0    | 0    | -    | -    | -     | 0    | 0    | 
|SYNC        | (PCIN>>17)+A*B | 15     | 15     | -      | -      | 15     | 0    | 0    | -    | -    | -     | 0    | 0    | 
|SYNC        | A*B            | 15     | 15     | -      | -      | 15     | 0    | 0    | -    | -    | -     | 0    | 0    | 
|SYNC        | A*B            | 18     | 18     | -      | -      | 48     | 0    | 0    | -    | -    | -     | 0    | 0    | 
|SYNC        | (PCIN>>17)+A*B | 15     | 15     | -      | -      | 15     | 0    | 0    | -    | -    | -     | 0    | 0    | 
|SYNC        | A*B            | 15     | 15     | -      | -      | 15     | 0    | 0    | -    | -    | -     | 0    | 0    | 
|SYNC        | A*B            | 18     | 18     | -      | -      | 48     | 0    | 0    | -    | -    | -     | 0    | 0    | 
|SYNC        | (PCIN>>17)+A*B | 15     | 15     | -      | -      | 15     | 0    | 0    | -    | -    | -     | 0    | 0    | 
|SYNC        | A*B            | 15     | 15     | -      | -      | 15     | 0    | 0    | -    | -    | -     | 0    | 0    | 
|SYNC        | A*B            | 18     | 18     | -      | -      | 48     | 0    | 0    | -    | -    | -     | 0    | 0    | 
|SYNC        | (PCIN>>17)+A*B | 15     | 15     | -      | -      | 15     | 0    | 0    | -    | -    | -     | 0    | 0    | 
|SYNC        | A*B            | 12     | 12     | -      | -      | 24     | 0    | 0    | -    | -    | -     | 0    | 0    | 
+------------+----------------+--------+--------+--------+--------+--------+------+------+------+------+-------+------+------+

Note: The table above is a preliminary report that shows the DSPs inferred at the current stage of the synthesis flow. Some DSP may be reimplemented as non DSP primitives later in the synthesis flow. Multiple instantiated DSPs are reported only once.
---------------------------------------------------------------------------------
Finished ROM, RAM, DSP and Shift Register Reporting
---------------------------------------------------------------------------------

Report RTL Partitions: 
+-+--------------+------------+----------+
| |RTL Partition |Replication |Instances |
+-+--------------+------------+----------+
+-+--------------+------------+----------+
---------------------------------------------------------------------------------
Start Applying XDC Timing Constraints
---------------------------------------------------------------------------------
INFO: [Synth 8-5578] Moved timing constraint from pin 'clock_generator/clk_out' to pin 'clock_generator/bbstub_clk_out/O'
INFO: [Synth 8-5819] Moved 1 constraints on hierarchical pins to their respective driving/loading pins
---------------------------------------------------------------------------------
Finished Applying XDC Timing Constraints : Time (s): cpu = 00:00:58 ; elapsed = 00:00:59 . Memory (MB): peak = 745.805 ; gain = 501.684
---------------------------------------------------------------------------------
---------------------------------------------------------------------------------
Start Timing Optimization
---------------------------------------------------------------------------------
---------------------------------------------------------------------------------
Finished Timing Optimization : Time (s): cpu = 00:01:09 ; elapsed = 00:01:11 . Memory (MB): peak = 893.531 ; gain = 649.410
---------------------------------------------------------------------------------

Report RTL Partitions: 
+-+--------------+------------+----------+
| |RTL Partition |Replication |Instances |
+-+--------------+------------+----------+
+-+--------------+------------+----------+
---------------------------------------------------------------------------------
Start Technology Mapping
---------------------------------------------------------------------------------
---------------------------------------------------------------------------------
Finished Technology Mapping : Time (s): cpu = 00:01:13 ; elapsed = 00:01:15 . Memory (MB): peak = 893.531 ; gain = 649.410
---------------------------------------------------------------------------------

Report RTL Partitions: 
+-+--------------+------------+----------+
| |RTL Partition |Replication |Instances |
+-+--------------+------------+----------+
+-+--------------+------------+----------+
---------------------------------------------------------------------------------
Start IO Insertion
---------------------------------------------------------------------------------
---------------------------------------------------------------------------------
Start Flattening Before IO Insertion
---------------------------------------------------------------------------------
---------------------------------------------------------------------------------
Finished Flattening Before IO Insertion
---------------------------------------------------------------------------------
---------------------------------------------------------------------------------
Start Final Netlist Cleanup
---------------------------------------------------------------------------------
---------------------------------------------------------------------------------
Finished Final Netlist Cleanup
---------------------------------------------------------------------------------
---------------------------------------------------------------------------------
Finished IO Insertion : Time (s): cpu = 00:01:14 ; elapsed = 00:01:15 . Memory (MB): peak = 893.531 ; gain = 649.410
---------------------------------------------------------------------------------

Report Check Netlist: 
+------+------------------+-------+---------+-------+------------------+
|      |Item              |Errors |Warnings |Status |Description       |
+------+------------------+-------+---------+-------+------------------+
|1     |multi_driven_nets |      0|        0|Passed |Multi driven nets |
+------+------------------+-------+---------+-------+------------------+
---------------------------------------------------------------------------------
Start Renaming Generated Instances
---------------------------------------------------------------------------------
---------------------------------------------------------------------------------
Finished Renaming Generated Instances : Time (s): cpu = 00:01:14 ; elapsed = 00:01:16 . Memory (MB): peak = 893.531 ; gain = 649.410
---------------------------------------------------------------------------------

Report RTL Partitions: 
+-+--------------+------------+----------+
| |RTL Partition |Replication |Instances |
+-+--------------+------------+----------+
+-+--------------+------------+----------+
---------------------------------------------------------------------------------
Start Rebuilding User Hierarchy
---------------------------------------------------------------------------------
---------------------------------------------------------------------------------
Finished Rebuilding User Hierarchy : Time (s): cpu = 00:01:16 ; elapsed = 00:01:17 . Memory (MB): peak = 893.531 ; gain = 649.410
---------------------------------------------------------------------------------
---------------------------------------------------------------------------------
Start Renaming Generated Ports
---------------------------------------------------------------------------------
---------------------------------------------------------------------------------
Finished Renaming Generated Ports : Time (s): cpu = 00:01:16 ; elapsed = 00:01:17 . Memory (MB): peak = 893.531 ; gain = 649.410
---------------------------------------------------------------------------------
---------------------------------------------------------------------------------
Start Handling Custom Attributes
---------------------------------------------------------------------------------
---------------------------------------------------------------------------------
Finished Handling Custom Attributes : Time (s): cpu = 00:01:16 ; elapsed = 00:01:17 . Memory (MB): peak = 893.531 ; gain = 649.410
---------------------------------------------------------------------------------
---------------------------------------------------------------------------------
Start Renaming Generated Nets
---------------------------------------------------------------------------------
---------------------------------------------------------------------------------
Finished Renaming Generated Nets : Time (s): cpu = 00:01:16 ; elapsed = 00:01:17 . Memory (MB): peak = 893.531 ; gain = 649.410
---------------------------------------------------------------------------------
---------------------------------------------------------------------------------
Start Writing Synthesis Report
---------------------------------------------------------------------------------

Report BlackBoxes: 
+------+--------------+----------+
|      |BlackBox name |Instances |
+------+--------------+----------+
|1     |clk_divider   |         1|
+------+--------------+----------+

Report Cell Usage: 
+------+-----------------+------+
|      |Cell             |Count |
+------+-----------------+------+
|1     |clk_divider_bbox |     1|
|2     |CARRY4           |   614|
|3     |DSP48E1          |    37|
|4     |LUT1             |   314|
|5     |LUT2             |  2579|
|6     |LUT3             |   318|
|7     |LUT4             |   182|
|8     |LUT5             |   194|
|9     |LUT6             |   677|
|10    |FDRE             |   260|
|11    |FDSE             |     1|
|12    |IBUF             |     4|
|13    |OBUF             |    14|
+------+-----------------+------+

Report Instance Areas: 
+------+-------------+-------+------+
|      |Instance     |Module |Cells |
+------+-------------+-------+------+
|1     |top          |       |  5195|
|2     |  VGA_module |SYNC   |  4858|
+------+-------------+-------+------+
---------------------------------------------------------------------------------
Finished Writing Synthesis Report : Time (s): cpu = 00:01:16 ; elapsed = 00:01:17 . Memory (MB): peak = 893.531 ; gain = 649.410
---------------------------------------------------------------------------------
Synthesis finished with 0 errors, 0 critical warnings and 9 warnings.
Synthesis Optimization Runtime : Time (s): cpu = 00:01:00 ; elapsed = 00:01:11 . Memory (MB): peak = 893.531 ; gain = 353.465
Synthesis Optimization Complete : Time (s): cpu = 00:01:16 ; elapsed = 00:01:17 . Memory (MB): peak = 893.531 ; gain = 649.410
INFO: [Project 1-571] Translating synthesized netlist
INFO: [Netlist 29-17] Analyzing 655 Unisim elements for replacement
INFO: [Netlist 29-28] Unisim Transformation completed in 0 CPU seconds
WARNING: [Netlist 29-101] Netlist 'the_gf' is not ideal for floorplanning, since the cellview 'SYNC' contains a large number of primitives.  Please consider enabling hierarchy in synthesis if you want to do floorplanning.
INFO: [Project 1-570] Preparing netlist for logic optimization
INFO: [Opt 31-138] Pushed 0 inverter(s) to 0 load pin(s).
INFO: [Project 1-111] Unisim Transformation Summary:
No Unisim elements were transformed.

69 Infos, 10 Warnings, 0 Critical Warnings and 0 Errors encountered.
synth_design completed successfully
synth_design: Time (s): cpu = 00:01:19 ; elapsed = 00:01:22 . Memory (MB): peak = 893.531 ; gain = 657.066
INFO: [Common 17-1381] The checkpoint 'C:/Users/need-/Desktop/digitalproject/Action_Reaction/Action_Reaction.runs/synth_1/the_gf.dcp' has been generated.
report_utilization: Time (s): cpu = 00:00:00 ; elapsed = 00:00:00.041 . Memory (MB): peak = 893.531 ; gain = 0.000
INFO: [Common 17-206] Exiting Vivado at Tue Dec 19 16:59:36 2017...
